\BOOKMARK [0][]{section*.1}{Title}{}% 1
\BOOKMARK [0][]{section*.2}{Copyright}{}% 2
\BOOKMARK [0][]{section*.3}{Dedication}{}% 3
\BOOKMARK [0][]{section*.4}{Acknowledgements}{}% 4
\BOOKMARK [0][]{section*.5}{Abstract}{}% 5
\BOOKMARK [0][]{chapter*.6}{Contents}{}% 6
\BOOKMARK [0][]{chapter*.7}{List of Tables}{}% 7
\BOOKMARK [0][]{chapter*.8}{List of Figures}{}% 8
\BOOKMARK [0][]{section*.9}{Preface}{}% 9
\BOOKMARK [0][]{chapter.1}{1 First Things First}{}% 10
\BOOKMARK [1][]{section.1.1}{1.1 Cosmic Context}{chapter.1}% 11
\BOOKMARK [1][]{section.1.2}{1.2 Overview of Selected Probes of the EoR}{chapter.1}% 12
\BOOKMARK [2][]{section*.10}{The Ly Forest}{section.1.2}% 13
\BOOKMARK [2][]{section*.11}{The 21-cm Line}{section.1.2}% 14
\BOOKMARK [2][]{section*.12}{The Cosmic Microwave Background}{section.1.2}% 15
\BOOKMARK [2][]{section*.13}{Ly Emitters}{section.1.2}% 16
\BOOKMARK [2][]{section*.14}{Luminosity Function Measurements}{section.1.2}% 17
\BOOKMARK [1][]{section.1.3}{1.3 Current Constraints on the Timing and Nature of the EoR}{chapter.1}% 18
\BOOKMARK [0][]{chapter.2}{2 How to Search for Islands of Neutral Hydrogen in the z 5.5 IGM}{}% 19
\BOOKMARK [1][]{section.2.1}{2.1 Introduction}{chapter.2}% 20
\BOOKMARK [1][]{section.2.2}{2.2 Viability of Transmission Through a Partially Neutral IGM}{chapter.2}% 21
\BOOKMARK [1][]{section.2.3}{2.3 Simulations and Mock Spectra}{chapter.2}% 22
\BOOKMARK [1][]{section.2.4}{2.4 Dark Gap Statistics}{chapter.2}% 23
\BOOKMARK [1][]{section.2.5}{2.5 Stacking Toy Spectra}{chapter.2}% 24
\BOOKMARK [2][]{section*.18}{HI Damping Wing}{section.2.5}% 25
\BOOKMARK [2][]{section*.20}{Deuterium}{section.2.5}% 26
\BOOKMARK [1][]{section.2.6}{2.6 Steps of Approach}{chapter.2}% 27
\BOOKMARK [1][]{section.2.7}{2.7 Results}{chapter.2}% 28
\BOOKMARK [2][]{section*.22}{Detecting the Damping Wing}{section.2.7}% 29
\BOOKMARK [2][]{section*.26}{Deuterium Feature Results}{section.2.7}% 30
\BOOKMARK [2][]{section*.29}{Dark Gap Statistics}{section.2.7}% 31
\BOOKMARK [1][]{section.2.8}{2.8 Forecasts}{chapter.2}% 32
\BOOKMARK [2][]{section*.31}{Deuterium}{section.2.8}% 33
\BOOKMARK [2][]{section*.32}{HI Damping Wing}{section.2.8}% 34
\BOOKMARK [1][]{section.2.9}{2.9 Conclusion}{chapter.2}% 35
\BOOKMARK [1][]{section.2.10}{2.10 Introduction}{chapter.2}% 36
\BOOKMARK [1][]{section.2.11}{2.11 Method}{chapter.2}% 37
\BOOKMARK [2][]{section*.38}{The 21 cm Signal}{section.2.11}% 38
\BOOKMARK [2][]{section*.39}{Semi-Numeric Simulations}{section.2.11}% 39
\BOOKMARK [2][]{section*.40}{Redshifted 21 cm Surveys and Thermal Noise}{section.2.11}% 40
\BOOKMARK [2][]{section*.41}{Foregrounds}{section.2.11}% 41
\BOOKMARK [1][]{section.2.12}{2.12 Prospects for Imaging}{chapter.2}% 42
\BOOKMARK [2][]{section*.42}{The Wiener Filter}{section.2.12}% 43
\BOOKMARK [2][]{section*.44}{Application to a Simulated 21 cm Signal}{section.2.12}% 44
\BOOKMARK [1][]{section.2.13}{2.13 Prospects for Identifying Ionized Regions}{chapter.2}% 45
\BOOKMARK [2][]{section*.47}{The Optimal Matched Filter}{section.2.13}% 46
\BOOKMARK [2][]{section*.48}{Application to Isolated Spherical Ionized Regions with Noise}{section.2.13}% 47
\BOOKMARK [2][]{section*.50}{Application to a Simulated 21 cm Signal}{section.2.13}% 48
\BOOKMARK [2][]{section*.55}{Success of Detecting Ionized Regions}{section.2.13}% 49
\BOOKMARK [2][]{section*.57}{Range of Template Radius Considered}{section.2.13}% 50
\BOOKMARK [1][]{section.2.14}{2.14 Variations on the Fiducial Model}{chapter.2}% 51
\BOOKMARK [2][]{section*.58}{Ionized Fraction}{section.2.14}% 52
\BOOKMARK [2][]{section*.60}{Timing of Reionization}{section.2.14}% 53
\BOOKMARK [2][]{section*.61}{Effects of Foreground Cleaning}{section.2.14}% 54
\BOOKMARK [2][]{section*.62}{128 Antenna Tile Configurations}{section.2.14}% 55
\BOOKMARK [1][]{section.2.15}{2.15 Favorable Antenna Configurations for Bubble Detection}{chapter.2}% 56
\BOOKMARK [1][]{section.2.16}{2.16 Comparisons to Previous Work}{chapter.2}% 57
\BOOKMARK [1][]{section.2.17}{2.17 Conclusion}{chapter.2}% 58
\BOOKMARK [-1][]{chapter.3}{3 Conclusion}{}% 59
\BOOKMARK [0][]{section.3.1}{3.1 Wrapping up\203}{chapter.3}% 60
\BOOKMARK [-1][]{Appendix.1.A}{A Some Appendix}{}% 61
\BOOKMARK [0][]{section.1.A.1}{A.1 first section}{Appendix.1.A}% 62
\BOOKMARK [-1][]{Appendix.1.B}{B Another Appendix}{}% 63
\BOOKMARK [-1][]{chapter*.65}{Glossary}{}% 64
\BOOKMARK [-1][]{chapter*.66}{References}{}% 65
