This is pdfTeX, Version 3.1415926-2.4-1.40.13 (TeX Live 2012/Debian) (format=pdflatex 2013.4.25)  20 MAR 2015 17:40
entering extended mode
 restricted \write18 enabled.
 %&-line parsing enabled.
**dedication.tex
(./dedication.tex
LaTeX2e <2011/06/27>
Babel <v3.8m> and hyphenation patterns for english, dumylang, nohyphenation, lo
aded.

! LaTeX Error: Environment dedication undefined.

See the LaTeX manual or LaTeX Companion for explanation.
Type  H <return>  for immediate help.
 ...                                              
                                                  
l.3 \begin{dedication}
                       %this creates the heading for the dedication page
Your command was ignored.
Type  I <command> <return>  to replace it with another command,
or  <return>  to continue without it.

! Undefined control sequence.
l.5 \large
          \emph{Well, it looks like I brought piss to a shit fight.}
The control sequence at the end of the top line
of your error message was never \def'ed. If you have
misspelled it (e.g., `\hobx'), type `I' and the correct
spelling (e.g., `I\hbox'). Otherwise just continue,
and I'll forget about whatever was undefined.


! LaTeX Error: Missing \begin{document}.

See the LaTeX manual or LaTeX Companion for explanation.
Type  H <return>  for immediate help.
 ...                                              
                                                  
l.5 ...looks like I brought piss to a shit fight.}
                                                  
You're in trouble here.  Try typing  <return>  to proceed.
If that doesn't work, type  X <return>  to quit.


Overfull \hbox (43.27763pt too wide) in paragraph at lines 5--6
[]\OT1/cmr/m/it/10 Well,
 []


Overfull \hbox (6.38884pt too wide) in paragraph at lines 5--6
\OT1/cmr/m/it/10 it
 []


Overfull \hbox (20.95541pt too wide) in paragraph at lines 5--6
\OT1/cmr/m/it/10 looks
 []


Overfull \hbox (14.82211pt too wide) in paragraph at lines 5--6
\OT1/cmr/m/it/10 like
 []


Overfull \hbox (3.85553pt too wide) in paragraph at lines 5--6
\OT1/cmr/m/it/10 I
 []


Overfull \hbox (31.81642pt too wide) in paragraph at lines 5--6
\OT1/cmr/m/it/10 brought
 []


Overfull \hbox (16.35547pt too wide) in paragraph at lines 5--6
\OT1/cmr/m/it/10 piss
 []


Overfull \hbox (8.43327pt too wide) in paragraph at lines 5--6
\OT1/cmr/m/it/10 to
 []


Overfull \hbox (5.11108pt too wide) in paragraph at lines 5--6
\OT1/cmr/m/it/10 a
 []


Overfull \hbox (15.58879pt too wide) in paragraph at lines 5--6
\OT1/cmr/m/it/10 shit
 []


Overfull \hbox (21.72208pt too wide) in paragraph at lines 5--6
\OT1/cmr/m/it/10 fight. 
 []


! LaTeX Error: \begin{document} ended by \end{dedication}.

See the LaTeX manual or LaTeX Companion for explanation.
Type  H <return>  for immediate help.
 ...                                              
                                                  
l.7 \end{dedication}
                    
Your command was ignored.
Type  I <command> <return>  to replace it with another command,
or  <return>  to continue without it.

)
! Emergency stop.
<*> dedication.tex
                  
*** (job aborted, no legal \end found)

 
Here is how much of TeX's memory you used:
 10 strings out of 495059
 193 string characters out of 3182030
 45057 words of memory out of 3000000
 3292 multiletter control sequences out of 15000+200000
 3986 words of font info for 15 fonts, out of 3000000 for 9000
 14 hyphenation exceptions out of 8191
 14i,1n,10p,97b,69s stack positions out of 5000i,500n,10000p,200000b,50000s
!  ==> Fatal error occurred, no output PDF file produced!
